Using pre-set license
Built from '2022.3/staging' branch; Version is '2022.3.32f1 (c8300dc0a3fa) revision 13119501'; Using compiler version '192829333'; Build Type 'Release'
OS: 'Windows 11  (10.0.22631) 64bit Core' Language: 'en' Physical Memory: 15557 MB
BatchMode: 1, IsHumanControllingUs: 0, StartBugReporterOnCrash: 0, Is64bit: 1, IsPro: 1

COMMAND LINE ARGUMENTS:
C:\Program Files\Unity\Hub\Editor\2022.3.32f1\Editor\Unity.exe
-adb2
-batchMode
-noUpm
-name
AssetImportWorker7
-projectPath
C:/Documents/GitHub/CRE341-NMCA-VengefulBounds/VengefulBounds
-logFile
Logs/AssetImportWorker7.log
-srvPort
58413
Successfully changed project path to: C:/Documents/GitHub/CRE341-NMCA-VengefulBounds/VengefulBounds
C:/Documents/GitHub/CRE341-NMCA-VengefulBounds/VengefulBounds
[UnityMemory] Configuration Parameters - Can be set up in boot.config
    "memorysetup-bucket-allocator-granularity=16"
    "memorysetup-bucket-allocator-bucket-count=8"
    "memorysetup-bucket-allocator-block-size=33554432"
    "memorysetup-bucket-allocator-block-count=8"
    "memorysetup-main-allocator-block-size=16777216"
    "memorysetup-thread-allocator-block-size=16777216"
    "memorysetup-gfx-main-allocator-block-size=16777216"
    "memorysetup-gfx-thread-allocator-block-size=16777216"
    "memorysetup-cache-allocator-block-size=4194304"
    "memorysetup-typetree-allocator-block-size=2097152"
    "memorysetup-profiler-bucket-allocator-granularity=16"
    "memorysetup-profiler-bucket-allocator-bucket-count=8"
    "memorysetup-profiler-bucket-allocator-block-size=33554432"
    "memorysetup-profiler-bucket-allocator-block-count=8"
    "memorysetup-profiler-allocator-block-size=16777216"
    "memorysetup-profiler-editor-allocator-block-size=1048576"
    "memorysetup-temp-allocator-size-main=16777216"
    "memorysetup-job-temp-allocator-block-size=2097152"
    "memorysetup-job-temp-allocator-block-size-background=1048576"
    "memorysetup-job-temp-allocator-reduction-small-platforms=262144"
    "memorysetup-allocator-temp-initial-block-size-main=262144"
    "memorysetup-allocator-temp-initial-block-size-worker=262144"
    "memorysetup-temp-allocator-size-background-worker=32768"
    "memorysetup-temp-allocator-size-job-worker=262144"
    "memorysetup-temp-allocator-size-preload-manager=33554432"
    "memorysetup-temp-allocator-size-nav-mesh-worker=65536"
    "memorysetup-temp-allocator-size-audio-worker=65536"
    "memorysetup-temp-allocator-size-cloud-worker=32768"
    "memorysetup-temp-allocator-size-gi-baking-worker=262144"
    "memorysetup-temp-allocator-size-gfx=262144"
Player connection [1084] Host "[IP] 192.168.1.132 [Port] 0 [Flags] 2 [Guid] 3124904391 [EditorId] 3124904391 [Version] 1048832 [Id] WindowsEditor(7,NaoisheAN5) [Debug] 1 [PackageName] WindowsEditor [ProjectName] Editor" joined multi-casting on [225.0.0.222:54997]...

Player connection [1084] Host "[IP] 192.168.1.132 [Port] 0 [Flags] 2 [Guid] 3124904391 [EditorId] 3124904391 [Version] 1048832 [Id] WindowsEditor(7,NaoisheAN5) [Debug] 1 [PackageName] WindowsEditor [ProjectName] Editor" joined alternative multi-casting on [225.0.0.222:34997]...

[PhysX] Initialized MultithreadedTaskDispatcher with 16 workers.
Refreshing native plugins compatible for Editor in 23.97 ms, found 3 plugins.
Preloading 0 native plugins for Editor in 0.00 ms.
Initialize engine version: 2022.3.32f1 (c8300dc0a3fa)
[Subsystems] Discovering subsystems at path C:/Program Files/Unity/Hub/Editor/2022.3.32f1/Editor/Data/Resources/UnitySubsystems
[Subsystems] Discovering subsystems at path C:/Documents/GitHub/CRE341-NMCA-VengefulBounds/VengefulBounds/Assets
GfxDevice: creating device client; threaded=0; jobified=0
Direct3D:
    Version:  Direct3D 11.0 [level 11.1]
    Renderer: NVIDIA GeForce RTX 3050 Ti Laptop GPU (ID=0x25a0)
    Vendor:   NVIDIA
    VRAM:     3990 MB
    Driver:   30.0.15.1274
Initialize mono
Mono path[0] = 'C:/Program Files/Unity/Hub/Editor/2022.3.32f1/Editor/Data/Managed'
Mono path[1] = 'C:/Program Files/Unity/Hub/Editor/2022.3.32f1/Editor/Data/MonoBleedingEdge/lib/mono/unityjit-win32'
Mono config path = 'C:/Program Files/Unity/Hub/Editor/2022.3.32f1/Editor/Data/MonoBleedingEdge/etc'
Using monoOptions --debugger-agent=transport=dt_socket,embedding=1,server=y,suspend=n,address=127.0.0.1:56304
Begin MonoManager ReloadAssembly
Registering precompiled unity dll's ...
Register platform support module: C:/Program Files/Unity/Hub/Editor/2022.3.32f1/Editor/Data/PlaybackEngines/WindowsStandaloneSupport/UnityEditor.WindowsStandalone.Extensions.dll
Registered in 0.017972 seconds.
- Loaded All Assemblies, in  0.561 seconds
Native extension for WindowsStandalone target not found
Mono: successfully reloaded assembly
- Finished resetting the current domain, in  0.457 seconds
Domain Reload Profiling: 1013ms
	BeginReloadAssembly (172ms)
		ExecutionOrderSort (0ms)
		DisableScriptedObjects (0ms)
		BackupInstance (0ms)
		ReleaseScriptingObjects (0ms)
		CreateAndSetChildDomain (1ms)
	RebuildCommonClasses (60ms)
	RebuildNativeTypeToScriptingClass (17ms)
	initialDomainReloadingComplete (102ms)
	LoadAllAssembliesAndSetupDomain (205ms)
		LoadAssemblies (167ms)
		RebuildTransferFunctionScriptingTraits (0ms)
		AnalyzeDomain (202ms)
			TypeCache.Refresh (200ms)
				TypeCache.ScanAssembly (180ms)
			ScanForSourceGeneratedMonoScriptInfo (1ms)
			ResolveRequiredComponents (1ms)
	FinalizeReload (457ms)
		ReleaseScriptCaches (0ms)
		RebuildScriptCaches (0ms)
		SetupLoadedEditorAssemblies (360ms)
			LogAssemblyErrors (0ms)
			InitializePlatformSupportModulesInManaged (16ms)
			SetLoadedEditorAssemblies (12ms)
			RefreshPlugins (0ms)
			BeforeProcessingInitializeOnLoad (3ms)
			ProcessInitializeOnLoadAttributes (234ms)
			ProcessInitializeOnLoadMethodAttributes (95ms)
			AfterProcessingInitializeOnLoad (0ms)
			EditorAssembliesLoaded (0ms)
		ExecutionOrderSort2 (0ms)
		AwakeInstancesAfterBackupRestoration (0ms)
========================================================================
Worker process is ready to serve import requests
Begin MonoManager ReloadAssembly
- Loaded All Assemblies, in  2.448 seconds
Refreshing native plugins compatible for Editor in 10.65 ms, found 3 plugins.
Native extension for WindowsStandalone target not found
Package Manager log level set to [2]
[Package Manager] Server::EnsureServerProcessIsRunning -- launch failed, reason: Unity was launched with the -noUpm command-line argument
[Package Manager] UpmClient::Send -- Unable to send message (not connected to UPM process).
[Package Manager] Cannot connect to Unity Package Manager local server
Mono: successfully reloaded assembly
- Finished resetting the current domain, in  1.008 seconds
Domain Reload Profiling: 3447ms
	BeginReloadAssembly (275ms)
		ExecutionOrderSort (0ms)
		DisableScriptedObjects (7ms)
		BackupInstance (0ms)
		ReleaseScriptingObjects (0ms)
		CreateAndSetChildDomain (35ms)
	RebuildCommonClasses (56ms)
	RebuildNativeTypeToScriptingClass (19ms)
	initialDomainReloadingComplete (80ms)
	LoadAllAssembliesAndSetupDomain (2006ms)
		LoadAssemblies (1781ms)
		RebuildTransferFunctionScriptingTraits (0ms)
		AnalyzeDomain (406ms)
			TypeCache.Refresh (348ms)
				TypeCache.ScanAssembly (321ms)
			ScanForSourceGeneratedMonoScriptInfo (37ms)
			ResolveRequiredComponents (17ms)
	FinalizeReload (1009ms)
		ReleaseScriptCaches (0ms)
		RebuildScriptCaches (0ms)
		SetupLoadedEditorAssemblies (765ms)
			LogAssemblyErrors (0ms)
			InitializePlatformSupportModulesInManaged (9ms)
			SetLoadedEditorAssemblies (4ms)
			RefreshPlugins (0ms)
			BeforeProcessingInitializeOnLoad (119ms)
			ProcessInitializeOnLoadAttributes (512ms)
			ProcessInitializeOnLoadMethodAttributes (106ms)
			AfterProcessingInitializeOnLoad (15ms)
			EditorAssembliesLoaded (0ms)
		ExecutionOrderSort2 (0ms)
		AwakeInstancesAfterBackupRestoration (11ms)
Launched and connected shader compiler UnityShaderCompiler.exe after 0.14 seconds
Refreshing native plugins compatible for Editor in 13.87 ms, found 3 plugins.
Preloading 0 native plugins for Editor in 0.00 ms.
Unloading 5079 Unused Serialized files (Serialized files now loaded: 0)
Unloading 67 unused Assets / (345.7 KB). Loaded Objects now: 5553.
Memory consumption went from 284.7 MB to 284.4 MB.
Total: 7.898200 ms (FindLiveObjects: 0.922600 ms CreateObjectMapping: 0.859500 ms MarkObjects: 5.728500 ms  DeleteObjects: 0.385800 ms)

AssetImportParameters requested are different than current active one (requested -> active):
  custom:container-demuxer-ogg: 62fdf1f143b41e24485cea50d1cbac27 -> 
  custom:video-decoder-ogg-theora: a1e56fd34408186e4bbccfd4996cb3dc -> 
  custom:framework-win-MediaFoundation: 216162199b28c13a410421893ffa2e32 -> 
  custom:CustomObjectIndexerAttribute: 72b91833f83ae208fae7752999fa3104 -> 
  custom:container-demuxer-webm: 4f35f7cbe854078d1ac9338744f61a02 -> 
  custom:container-muxer-webm: aa71ff27fc2769a1b78a27578f13a17b -> 
  custom:video-decoder-webm-vp8: 9c59270c3fd7afecdb556c50c9e8de78 -> 
  custom:SearchIndexIgnoredProperties: e643bd26f0fe6173181afceb89e7c659 -> 
  custom:AudioImporter_EditorPlatform: d09bf68614088b80899f8185d706f6e7 -> 
  custom:video-encoder-webm-vp8: eb34c28f22e8b96e1ab97ce403110664 -> 
  custom:audio-decoder-ogg-vorbis: bf7c407c2cedff20999df2af8eb42d56 -> 
  custom:audio-encoder-webm-vorbis: bf7c407c2cedff20999df2af8eb42d56 -> 
========================================================================
Received Import Request.
  Time since last request: 663823.965351 seconds.
  path: Assets/SimpleAssets/Necromancers/Ghoul/Material/VFX
  artifactKey: Guid(3310fc42226a7604ab7cb108d76b9bb5) Importer(2089858483,0ecaa5967403d082aa24f35e1b516d23)
Start importing Assets/SimpleAssets/Necromancers/Ghoul/Material/VFX using Guid(3310fc42226a7604ab7cb108d76b9bb5) Importer(2089858483,0ecaa5967403d082aa24f35e1b516d23) [PhysX] Initialized MultithreadedTaskDispatcher with 16 workers.
 -> (artifact id: 'ab92cbd1f4fd8ff5e32ac00187044c75') in 0.564289 seconds
Number of updated asset objects reloaded before import = 0
Number of asset objects unloaded after import = 1
========================================================================
Received Import Request.
  Time since last request: 0.000057 seconds.
  path: Assets/SimpleAssets/Common/Scripts/Animation/AnimationStateMachine.cs
  artifactKey: Guid(2c013cd812ae4e47b0b7bd4307d663ab) Importer(2089858483,0ecaa5967403d082aa24f35e1b516d23)
Start importing Assets/SimpleAssets/Common/Scripts/Animation/AnimationStateMachine.cs using Guid(2c013cd812ae4e47b0b7bd4307d663ab) Importer(2089858483,0ecaa5967403d082aa24f35e1b516d23) [PhysX] Initialized MultithreadedTaskDispatcher with 16 workers.
 -> (artifact id: 'b3f68f2438f2723b97f677e21a4f720a') in 0.086035 seconds
Number of updated asset objects reloaded before import = 0
Number of asset objects unloaded after import = 1
========================================================================
Received Import Request.
  Time since last request: 0.000034 seconds.
  path: Assets/SimpleAssets/Necromancers/Ghoul/VFX/WeaponFX.prefab
  artifactKey: Guid(bbcc967a7b1f057429c7160228e50ebf) Importer(2089858483,0ecaa5967403d082aa24f35e1b516d23)
Start importing Assets/SimpleAssets/Necromancers/Ghoul/VFX/WeaponFX.prefab using Guid(bbcc967a7b1f057429c7160228e50ebf) Importer(2089858483,0ecaa5967403d082aa24f35e1b516d23) [PhysX] Initialized MultithreadedTaskDispatcher with 16 workers.
 -> (artifact id: '9504ed806e580b6277ffbfd405263f88') in 0.174147 seconds
Number of updated asset objects reloaded before import = 0
Number of asset objects unloaded after import = 6
========================================================================
Received Import Request.
  Time since last request: 0.000032 seconds.
  path: Assets/SimpleAssets/Common/Platform/Textures/Platform_low_DefaultMaterial_AO.png
  artifactKey: Guid(9063bb1eb1a44fb4f8645dd9b5e839bd) Importer(2089858483,0ecaa5967403d082aa24f35e1b516d23)
Start importing Assets/SimpleAssets/Common/Platform/Textures/Platform_low_DefaultMaterial_AO.png using Guid(9063bb1eb1a44fb4f8645dd9b5e839bd) Importer(2089858483,0ecaa5967403d082aa24f35e1b516d23) [PhysX] Initialized MultithreadedTaskDispatcher with 16 workers.
 -> (artifact id: '6b9f8c504f168a095654a76b08dcf912') in 0.070075 seconds
Number of updated asset objects reloaded before import = 0
Number of asset objects unloaded after import = 1
========================================================================
Received Import Request.
  Time since last request: 0.000031 seconds.
  path: Assets/SimpleAssets/Common/Scripts/Utils
  artifactKey: Guid(f6826e290e754f76bff40740b7ca54f1) Importer(2089858483,0ecaa5967403d082aa24f35e1b516d23)
Start importing Assets/SimpleAssets/Common/Scripts/Utils using Guid(f6826e290e754f76bff40740b7ca54f1) Importer(2089858483,0ecaa5967403d082aa24f35e1b516d23) [PhysX] Initialized MultithreadedTaskDispatcher with 16 workers.
 -> (artifact id: '41e4b84cb8cc12097b8feff8f35eda93') in 0.019572 seconds
Number of updated asset objects reloaded before import = 0
Number of asset objects unloaded after import = 1
========================================================================
Received Import Request.
  Time since last request: 0.000036 seconds.
  path: Assets/SimpleAssets/Common/Sprites/UI/lable_2.png
  artifactKey: Guid(278ea3ae5e8190846b2cbcc863f30206) Importer(2089858483,0ecaa5967403d082aa24f35e1b516d23)
Start importing Assets/SimpleAssets/Common/Sprites/UI/lable_2.png using Guid(278ea3ae5e8190846b2cbcc863f30206) Importer(2089858483,0ecaa5967403d082aa24f35e1b516d23) [PhysX] Initialized MultithreadedTaskDispatcher with 16 workers.
 -> (artifact id: '8745bff8f454736e19b29fdc47ea0bb6') in 0.037100 seconds
Number of updated asset objects reloaded before import = 0
Number of asset objects unloaded after import = 3
========================================================================
Received Import Request.
  Time since last request: 0.000022 seconds.
  path: Assets/SimpleAssets/Necromancers/Ghoul/VFX
  artifactKey: Guid(5462072357c9eca4f93b7059e0687998) Importer(2089858483,0ecaa5967403d082aa24f35e1b516d23)
Start importing Assets/SimpleAssets/Necromancers/Ghoul/VFX using Guid(5462072357c9eca4f93b7059e0687998) Importer(2089858483,0ecaa5967403d082aa24f35e1b516d23) [PhysX] Initialized MultithreadedTaskDispatcher with 16 workers.
 -> (artifact id: 'bc55e47f916553c97f19ed42682eb7ea') in 0.024701 seconds
Number of updated asset objects reloaded before import = 0
Number of asset objects unloaded after import = 1
========================================================================
Received Import Request.
  Time since last request: 0.000026 seconds.
  path: Assets/SimpleAssets/Necromancers/Ghoul/Prefab/Green/Ghoul-Green (Origin).prefab
  artifactKey: Guid(18d7800df8fcdc54f807fe324a47595d) Importer(2089858483,0ecaa5967403d082aa24f35e1b516d23)
Start importing Assets/SimpleAssets/Necromancers/Ghoul/Prefab/Green/Ghoul-Green (Origin).prefab using Guid(18d7800df8fcdc54f807fe324a47595d) Importer(2089858483,0ecaa5967403d082aa24f35e1b516d23) [PhysX] Initialized MultithreadedTaskDispatcher with 16 workers.
 -> (artifact id: '39143433ff0ea1101c162550bca597db') in 0.164345 seconds
Number of updated asset objects reloaded before import = 0
Number of asset objects unloaded after import = 991
========================================================================
Received Import Request.
  Time since last request: 0.000032 seconds.
  path: Assets/SimpleAssets/Common/Platform/Textures/Platform_low_DefaultMaterial_Normal.png
  artifactKey: Guid(a4d5fb56f14d89a4eb4534e670d27a88) Importer(2089858483,0ecaa5967403d082aa24f35e1b516d23)
Start importing Assets/SimpleAssets/Common/Platform/Textures/Platform_low_DefaultMaterial_Normal.png using Guid(a4d5fb56f14d89a4eb4534e670d27a88) Importer(2089858483,0ecaa5967403d082aa24f35e1b516d23) [PhysX] Initialized MultithreadedTaskDispatcher with 16 workers.
 -> (artifact id: '99de28708a8412f8f55936465856a1f6') in 0.038650 seconds
Number of updated asset objects reloaded before import = 0
Number of asset objects unloaded after import = 1
========================================================================
Received Import Request.
  Time since last request: 0.000042 seconds.
  path: Assets/prefabs/URP_Tree_1 Variant.prefab
  artifactKey: Guid(373dba2ff9a30b9418323b2cbd47acf8) Importer(2089858483,0ecaa5967403d082aa24f35e1b516d23)
Start importing Assets/prefabs/URP_Tree_1 Variant.prefab using Guid(373dba2ff9a30b9418323b2cbd47acf8) Importer(2089858483,0ecaa5967403d082aa24f35e1b516d23) [PhysX] Initialized MultithreadedTaskDispatcher with 16 workers.
 -> (artifact id: '4df7a7f53c4a731ef0343baa91e8da76') in 0.038671 seconds
Number of updated asset objects reloaded before import = 0
Number of asset objects unloaded after import = 46
========================================================================
Received Import Request.
  Time since last request: 0.000027 seconds.
  path: Assets/SimpleAssets/Necromancers/Ghoul/Prefab/Blue/Ghoul-Blue (Origin).prefab
  artifactKey: Guid(5b5d39610ebb2894ea8e05884fc7b807) Importer(2089858483,0ecaa5967403d082aa24f35e1b516d23)
Start importing Assets/SimpleAssets/Necromancers/Ghoul/Prefab/Blue/Ghoul-Blue (Origin).prefab using Guid(5b5d39610ebb2894ea8e05884fc7b807) Importer(2089858483,0ecaa5967403d082aa24f35e1b516d23) [PhysX] Initialized MultithreadedTaskDispatcher with 16 workers.
 -> (artifact id: '44cb252e6f63b9936a8bd6c43c273f11') in 0.121080 seconds
Number of updated asset objects reloaded before import = 0
Number of asset objects unloaded after import = 991
========================================================================
Received Import Request.
  Time since last request: 0.000048 seconds.
  path: Assets/SimpleAssets/Necromancers/Ghoul/RenderPipeline/HDRP.unitypackage
  artifactKey: Guid(914bdce24fcf67d4e8aa57a55a3102fc) Importer(2089858483,0ecaa5967403d082aa24f35e1b516d23)
Start importing Assets/SimpleAssets/Necromancers/Ghoul/RenderPipeline/HDRP.unitypackage using Guid(914bdce24fcf67d4e8aa57a55a3102fc) Importer(2089858483,0ecaa5967403d082aa24f35e1b516d23) [PhysX] Initialized MultithreadedTaskDispatcher with 16 workers.
 -> (artifact id: 'fc394c4f8e86971ecec906bb1ccc49ca') in 0.016978 seconds
Number of updated asset objects reloaded before import = 0
Number of asset objects unloaded after import = 1
========================================================================
Received Import Request.
  Time since last request: 0.000029 seconds.
  path: Assets/SimpleAssets/Common/Platform/Prefab/Platform.prefab
  artifactKey: Guid(b9c4d6e48e649a947ac9bc6f2a512bfe) Importer(2089858483,3d70f49cd1c2eb9ae422958d1c652c6b)
Start importing Assets/SimpleAssets/Common/Platform/Prefab/Platform.prefab using Guid(b9c4d6e48e649a947ac9bc6f2a512bfe) Importer(2089858483,3d70f49cd1c2eb9ae422958d1c652c6b) [PhysX] Initialized MultithreadedTaskDispatcher with 16 workers.
 -> (artifact id: '278fd3e821ed51c7c685cc0dc7c72530') in 0.024265 seconds
Number of updated asset objects reloaded before import = 0
Number of asset objects unloaded after import = 8
========================================================================
Received Import Request.
  Time since last request: 0.000029 seconds.
  path: Assets/New Terrain 1.asset
  artifactKey: Guid(5885e3cb1422cb8469ecce8b1fd60032) Importer(2089858483,0ecaa5967403d082aa24f35e1b516d23)
Start importing Assets/New Terrain 1.asset using Guid(5885e3cb1422cb8469ecce8b1fd60032) Importer(2089858483,0ecaa5967403d082aa24f35e1b516d23) [PhysX] Initialized MultithreadedTaskDispatcher with 16 workers.
 -> (artifact id: '414e0b30b16df1e21824afae2ac7dabb') in 0.045853 seconds
Number of updated asset objects reloaded before import = 0
Number of asset objects unloaded after import = 80
========================================================================
Received Import Request.
  Time since last request: 0.000028 seconds.
  path: Assets/SimpleAssets/Necromancers/Ghoul/Texture/BaseBlue.tga
  artifactKey: Guid(12888936bc039ee46bae7644dae3e1fe) Importer(2089858483,0ecaa5967403d082aa24f35e1b516d23)
Start importing Assets/SimpleAssets/Necromancers/Ghoul/Texture/BaseBlue.tga using Guid(12888936bc039ee46bae7644dae3e1fe) Importer(2089858483,0ecaa5967403d082aa24f35e1b516d23) [PhysX] Initialized MultithreadedTaskDispatcher with 16 workers.
 -> (artifact id: 'b3aae5cf78b2fbf2ed590a6348ce14aa') in 0.031669 seconds
Number of updated asset objects reloaded before import = 0
Number of asset objects unloaded after import = 1
========================================================================
Received Import Request.
  Time since last request: 0.000024 seconds.
  path: Assets/SimpleAssets/Necromancers/Ghoul/Prefab/Green/Ghoul-Green (VFX).prefab
  artifactKey: Guid(6ac84b98b1b2e6243bede6f39c2ecfce) Importer(2089858483,0ecaa5967403d082aa24f35e1b516d23)
Start importing Assets/SimpleAssets/Necromancers/Ghoul/Prefab/Green/Ghoul-Green (VFX).prefab using Guid(6ac84b98b1b2e6243bede6f39c2ecfce) Importer(2089858483,0ecaa5967403d082aa24f35e1b516d23) [PhysX] Initialized MultithreadedTaskDispatcher with 16 workers.
 -> (artifact id: '4775e6f13e55d06d4570b053e8891112') in 0.129419 seconds
Number of updated asset objects reloaded before import = 0
Number of asset objects unloaded after import = 1012
========================================================================
Received Import Request.
  Time since last request: 0.000038 seconds.
  path: Assets/SimpleAssets/Necromancers/Ghoul/Animation/Walk.fbx
  artifactKey: Guid(52e5074ba205e3346bcd404172145e25) Importer(2089858483,0ecaa5967403d082aa24f35e1b516d23)
Start importing Assets/SimpleAssets/Necromancers/Ghoul/Animation/Walk.fbx using Guid(52e5074ba205e3346bcd404172145e25) Importer(2089858483,0ecaa5967403d082aa24f35e1b516d23) [PhysX] Initialized MultithreadedTaskDispatcher with 16 workers.
 -> (artifact id: 'fb966131c2ac50ea67c9a2954c0da3bc') in 0.077797 seconds
Number of updated asset objects reloaded before import = 0
Number of asset objects unloaded after import = 684
========================================================================
Received Import Request.
  Time since last request: 0.000041 seconds.
  path: Assets/SimpleAssets/Common/Sprites/Icons/IconPreview.png
  artifactKey: Guid(00d523decb33c6b418c86ad0ee5bf9c4) Importer(2089858483,0ecaa5967403d082aa24f35e1b516d23)
Start importing Assets/SimpleAssets/Common/Sprites/Icons/IconPreview.png using Guid(00d523decb33c6b418c86ad0ee5bf9c4) Importer(2089858483,0ecaa5967403d082aa24f35e1b516d23) [PhysX] Initialized MultithreadedTaskDispatcher with 16 workers.
 -> (artifact id: '9f908667bfe476ebf7d7e09f56530398') in 0.035537 seconds
Number of updated asset objects reloaded before import = 0
Number of asset objects unloaded after import = 3
========================================================================
Received Import Request.
  Time since last request: 0.000023 seconds.
  path: Assets/SimpleAssets/Necromancers/Ghoul/Material/GhoulBlue (Mobile).mat
  artifactKey: Guid(1d823cc1c12a72c459a7106614c3f2ca) Importer(2089858483,0ecaa5967403d082aa24f35e1b516d23)
Start importing Assets/SimpleAssets/Necromancers/Ghoul/Material/GhoulBlue (Mobile).mat using Guid(1d823cc1c12a72c459a7106614c3f2ca) Importer(2089858483,0ecaa5967403d082aa24f35e1b516d23) [PhysX] Initialized MultithreadedTaskDispatcher with 16 workers.
 -> (artifact id: '8c4f82f9f8473fbf3eaf6f92ade0cbf9') in 0.040558 seconds
Number of updated asset objects reloaded before import = 0
Number of asset objects unloaded after import = 3
========================================================================
Received Import Request.
  Time since last request: 0.000023 seconds.
  path: Assets/SimpleAssets/Common/Prefabs/[Preview].prefab
  artifactKey: Guid(6aab9b8e0171e4b4ea1443d44169dc47) Importer(2089858483,3d70f49cd1c2eb9ae422958d1c652c6b)
Start importing Assets/SimpleAssets/Common/Prefabs/[Preview].prefab using Guid(6aab9b8e0171e4b4ea1443d44169dc47) Importer(2089858483,3d70f49cd1c2eb9ae422958d1c652c6b) [PhysX] Initialized MultithreadedTaskDispatcher with 16 workers.
 -> (artifact id: '8e66b6c5cdc94f5d79511a0b73b382a2') in 0.086209 seconds
Number of updated asset objects reloaded before import = 0
Number of asset objects unloaded after import = 142
========================================================================
Received Import Request.
  Time since last request: 0.000027 seconds.
  path: Assets/SimpleAssets/Common/Scripts/Animation
  artifactKey: Guid(f8329423a3054313b98c29a1ffe8dbd3) Importer(2089858483,0ecaa5967403d082aa24f35e1b516d23)
Start importing Assets/SimpleAssets/Common/Scripts/Animation using Guid(f8329423a3054313b98c29a1ffe8dbd3) Importer(2089858483,0ecaa5967403d082aa24f35e1b516d23) [PhysX] Initialized MultithreadedTaskDispatcher with 16 workers.
 -> (artifact id: 'ed925c40ffd7d4d1883c23030f6b2ccd') in 0.021922 seconds
Number of updated asset objects reloaded before import = 0
Number of asset objects unloaded after import = 1
========================================================================
Received Import Request.
  Time since last request: 0.000027 seconds.
  path: Assets/SimpleAssets/Necromancers/Ghoul/Prefab/Green
  artifactKey: Guid(1a45a99a7687dbd4989943ec9947625a) Importer(2089858483,0ecaa5967403d082aa24f35e1b516d23)
Start importing Assets/SimpleAssets/Necromancers/Ghoul/Prefab/Green using Guid(1a45a99a7687dbd4989943ec9947625a) Importer(2089858483,0ecaa5967403d082aa24f35e1b516d23) [PhysX] Initialized MultithreadedTaskDispatcher with 16 workers.
 -> (artifact id: '04b2277adb6486fb0f497ce216beed3f') in 0.020697 seconds
Number of updated asset objects reloaded before import = 0
Number of asset objects unloaded after import = 1
========================================================================
Received Import Request.
  Time since last request: 0.000053 seconds.
  path: Assets/SimpleAssets/Common/Sprites
  artifactKey: Guid(d274b829bf9e0dd40a8be1f165ebd851) Importer(2089858483,0ecaa5967403d082aa24f35e1b516d23)
Start importing Assets/SimpleAssets/Common/Sprites using Guid(d274b829bf9e0dd40a8be1f165ebd851) Importer(2089858483,0ecaa5967403d082aa24f35e1b516d23) [PhysX] Initialized MultithreadedTaskDispatcher with 16 workers.
 -> (artifact id: 'b09504fe649f22381cda2d15864146be') in 0.017470 seconds
Number of updated asset objects reloaded before import = 0
Number of asset objects unloaded after import = 1
========================================================================
Received Import Request.
  Time since last request: 0.000032 seconds.
  path: Assets/SimpleAssets/Necromancers/Ghoul/Prefab/Purple/Ghoul-Purple (Mobile).prefab
  artifactKey: Guid(5964f22c705365c4ab1653f02507ecff) Importer(2089858483,3d70f49cd1c2eb9ae422958d1c652c6b)
Start importing Assets/SimpleAssets/Necromancers/Ghoul/Prefab/Purple/Ghoul-Purple (Mobile).prefab using Guid(5964f22c705365c4ab1653f02507ecff) Importer(2089858483,3d70f49cd1c2eb9ae422958d1c652c6b) [PhysX] Initialized MultithreadedTaskDispatcher with 16 workers.
 -> (artifact id: 'b0b701e196b840f4d859b24729178e06') in 0.168623 seconds
Number of updated asset objects reloaded before import = 0
Number of asset objects unloaded after import = 958
========================================================================
Received Import Request.
  Time since last request: 0.000036 seconds.
  path: Assets/SimpleAssets/Common/Scripts/Preview
  artifactKey: Guid(3d914509d0a645238ccb5eba815c36f3) Importer(2089858483,0ecaa5967403d082aa24f35e1b516d23)
Start importing Assets/SimpleAssets/Common/Scripts/Preview using Guid(3d914509d0a645238ccb5eba815c36f3) Importer(2089858483,0ecaa5967403d082aa24f35e1b516d23) [PhysX] Initialized MultithreadedTaskDispatcher with 16 workers.
 -> (artifact id: '94072295879c645f0004161c2153f718') in 0.021184 seconds
Number of updated asset objects reloaded before import = 0
Number of asset objects unloaded after import = 1
========================================================================
Received Import Request.
  Time since last request: 0.000029 seconds.
  path: Assets/SimpleAssets/Common/Scripts/Preview/AnimationList.cs
  artifactKey: Guid(571285325fe04e91b67924c5891b897e) Importer(2089858483,0ecaa5967403d082aa24f35e1b516d23)
Start importing Assets/SimpleAssets/Common/Scripts/Preview/AnimationList.cs using Guid(571285325fe04e91b67924c5891b897e) Importer(2089858483,0ecaa5967403d082aa24f35e1b516d23) [PhysX] Initialized MultithreadedTaskDispatcher with 16 workers.
 -> (artifact id: '1cbac37adcf557704b9e1ba806de1039') in 0.024072 seconds
Number of updated asset objects reloaded before import = 0
Number of asset objects unloaded after import = 1
========================================================================
Received Import Request.
  Time since last request: 0.000023 seconds.
  path: Assets/scripts/PlayerMovement.cs
  artifactKey: Guid(ac9e852a24710314089e56202a9de2f4) Importer(2089858483,0ecaa5967403d082aa24f35e1b516d23)
Start importing Assets/scripts/PlayerMovement.cs using Guid(ac9e852a24710314089e56202a9de2f4) Importer(2089858483,0ecaa5967403d082aa24f35e1b516d23) [PhysX] Initialized MultithreadedTaskDispatcher with 16 workers.
 -> (artifact id: 'f73c0533be979c685864111f4c80a9c1') in 0.025723 seconds
Number of updated asset objects reloaded before import = 0
Number of asset objects unloaded after import = 1
========================================================================
Received Import Request.
  Time since last request: 7.230368 seconds.
  path: Assets/SimpleAssets/Necromancers/Ghoul/Material/GhoulBlue.mat
  artifactKey: Guid(a9dc79a0fc407b94a8262b1865f2e833) Importer(2089858483,0ecaa5967403d082aa24f35e1b516d23)
Start importing Assets/SimpleAssets/Necromancers/Ghoul/Material/GhoulBlue.mat using Guid(a9dc79a0fc407b94a8262b1865f2e833) Importer(2089858483,0ecaa5967403d082aa24f35e1b516d23) [PhysX] Initialized MultithreadedTaskDispatcher with 16 workers.
 -> (artifact id: 'c415a2e693f2b0f81d7e2321506c229a') in 0.060915 seconds
Number of updated asset objects reloaded before import = 0
Number of asset objects unloaded after import = 6
========================================================================
Received Import Request.
  Time since last request: 0.000030 seconds.
  path: Assets/SimpleAssets/Necromancers/Ghoul/Material/VFX/EyeGlow.mat
  artifactKey: Guid(3501f9efe05487144b5c17466180df66) Importer(2089858483,0ecaa5967403d082aa24f35e1b516d23)
Start importing Assets/SimpleAssets/Necromancers/Ghoul/Material/VFX/EyeGlow.mat using Guid(3501f9efe05487144b5c17466180df66) Importer(2089858483,0ecaa5967403d082aa24f35e1b516d23) [PhysX] Initialized MultithreadedTaskDispatcher with 16 workers.
 -> (artifact id: 'eece5214495bf1243b911b1740c1e76d') in 0.038972 seconds
Number of updated asset objects reloaded before import = 0
Number of asset objects unloaded after import = 2
========================================================================
Received Import Request.
  Time since last request: 0.000049 seconds.
  path: Assets/SimpleAssets/Necromancers/Ghoul/Material/GhoulPurple (Mobile).mat
  artifactKey: Guid(0adf7fdaaf1a6874f865e4b3793ef9cf) Importer(2089858483,0ecaa5967403d082aa24f35e1b516d23)
Start importing Assets/SimpleAssets/Necromancers/Ghoul/Material/GhoulPurple (Mobile).mat using Guid(0adf7fdaaf1a6874f865e4b3793ef9cf) Importer(2089858483,0ecaa5967403d082aa24f35e1b516d23) [PhysX] Initialized MultithreadedTaskDispatcher with 16 workers.
 -> (artifact id: '6763c91b5b83994bc791b85ccd6caff3') in 0.037559 seconds
Number of updated asset objects reloaded before import = 0
Number of asset objects unloaded after import = 4
========================================================================
Received Import Request.
  Time since last request: 0.000417 seconds.
  path: Assets/SimpleAssets/Necromancers/Ghoul/Material/GhoulPurple.mat
  artifactKey: Guid(dd152331bb0523841bbcc428b0b61ed5) Importer(2089858483,0ecaa5967403d082aa24f35e1b516d23)
Start importing Assets/SimpleAssets/Necromancers/Ghoul/Material/GhoulPurple.mat using Guid(dd152331bb0523841bbcc428b0b61ed5) Importer(2089858483,0ecaa5967403d082aa24f35e1b516d23) [PhysX] Initialized MultithreadedTaskDispatcher with 16 workers.
 -> (artifact id: 'df6c23e29ea39d04f2ba5ed791df40e7') in 0.042012 seconds
Number of updated asset objects reloaded before import = 0
Number of asset objects unloaded after import = 6
========================================================================
Received Import Request.
  Time since last request: 0.000034 seconds.
  path: Assets/SimpleAssets/Common/Platform/Material/Platform.mat
  artifactKey: Guid(34e371a61ec65b54287f9a10c5d4f0a0) Importer(2089858483,0ecaa5967403d082aa24f35e1b516d23)
Start importing Assets/SimpleAssets/Common/Platform/Material/Platform.mat using Guid(34e371a61ec65b54287f9a10c5d4f0a0) Importer(2089858483,0ecaa5967403d082aa24f35e1b516d23) [PhysX] Initialized MultithreadedTaskDispatcher with 16 workers.
 -> (artifact id: '9f2397326591c693a387e74d3d235288') in 0.043918 seconds
Number of updated asset objects reloaded before import = 0
Number of asset objects unloaded after import = 6
========================================================================
Received Import Request.
  Time since last request: 0.000032 seconds.
  path: Assets/SimpleAssets/Necromancers/Ghoul/Material/GhoulBlue (Mobile).mat
  artifactKey: Guid(1d823cc1c12a72c459a7106614c3f2ca) Importer(2089858483,0ecaa5967403d082aa24f35e1b516d23)
Start importing Assets/SimpleAssets/Necromancers/Ghoul/Material/GhoulBlue (Mobile).mat using Guid(1d823cc1c12a72c459a7106614c3f2ca) Importer(2089858483,0ecaa5967403d082aa24f35e1b516d23) [PhysX] Initialized MultithreadedTaskDispatcher with 16 workers.
 -> (artifact id: 'dfeb05d807cd9df017ea9b8150d83ca0') in 0.043116 seconds
Number of updated asset objects reloaded before import = 0
Number of asset objects unloaded after import = 4
========================================================================
Received Import Request.
  Time since last request: 0.000053 seconds.
  path: Assets/SimpleAssets/Necromancers/Ghoul/Material/GhoulGreen.mat
  artifactKey: Guid(0f67e135b035c98438334f6650155ec5) Importer(2089858483,0ecaa5967403d082aa24f35e1b516d23)
Start importing Assets/SimpleAssets/Necromancers/Ghoul/Material/GhoulGreen.mat using Guid(0f67e135b035c98438334f6650155ec5) Importer(2089858483,0ecaa5967403d082aa24f35e1b516d23) [PhysX] Initialized MultithreadedTaskDispatcher with 16 workers.
 -> (artifact id: '11e1ab463e8d8a026cda8333d0e04f18') in 0.042236 seconds
Number of updated asset objects reloaded before import = 0
Number of asset objects unloaded after import = 6
========================================================================
Received Import Request.
  Time since last request: 0.000035 seconds.
  path: Assets/SimpleAssets/Necromancers/Ghoul/Material/GhoulGreen (Mobile).mat
  artifactKey: Guid(bf9d840b7190a644a832c656c06bda88) Importer(2089858483,0ecaa5967403d082aa24f35e1b516d23)
Start importing Assets/SimpleAssets/Necromancers/Ghoul/Material/GhoulGreen (Mobile).mat using Guid(bf9d840b7190a644a832c656c06bda88) Importer(2089858483,0ecaa5967403d082aa24f35e1b516d23) [PhysX] Initialized MultithreadedTaskDispatcher with 16 workers.
 -> (artifact id: '1be85853d6f054dfa585bbbb4dffdbe2') in 0.036142 seconds
Number of updated asset objects reloaded before import = 0
Number of asset objects unloaded after import = 4
Editor requested this worker to shutdown with reason: Scaling down because of idle timeout
TcpMessagingSession - receive error: operation aborted. errorcode: 995, details: The I/O operation has been aborted because of either a thread exit or an application request.
AssetImportWorker is now disconnected from the server
Process exiting
Exiting without the bug reporter. Application will terminate with return code 0